TN:
SF:lib/src/features/auth/data/auth_api.g.dart
FNF:0
FNH:0
DA:12,0
DA:20,0
DA:28,0
DA:29,0
DA:36,0
DA:37,0
DA:44,0
DA:45,0
DA:51,0
DA:52,0
DA:54,0
DA:57,0
DA:59,0
DA:65,0
DA:66,0
DA:67,0
DA:68,0
DA:69,0
DA:70,0
DA:72,0
DA:78,0
DA:79,0
DA:83,0
DA:85,0
DA:86,0
DA:89,0
LF:26
LH:0
end_of_record
TN:
SF:lib/src/features/auth/data/auth_service.dart
FNF:0
FNH:0
DA:25,0
DA:32,0
DA:33,0
DA:37,0
DA:38,0
DA:41,0
DA:44,0
DA:45,0
DA:46,0
DA:48,0
DA:49,0
DA:52,0
DA:53,0
DA:54,0
DA:56,0
DA:60,0
DA:61,0
DA:64,0
DA:65,0
DA:69,0
DA:75,0
DA:78,0
DA:79,0
DA:80,0
DA:81,0
DA:82,0
DA:84,0
DA:86,0
DA:87,0
DA:89,0
DA:90,0
DA:91,0
DA:93,0
DA:95,0
DA:97,0
DA:98,0
DA:99,0
DA:100,0
DA:102,0
DA:104,0
DA:106,0
DA:108,0
DA:110,0
DA:125,0
DA:132,0
DA:134,0
DA:135,0
DA:139,0
DA:142,0
DA:146,0
DA:147,0
DA:148,0
DA:151,0
DA:158,0
DA:159,0
DA:160,0
DA:163,0
DA:169,0
DA:171,0
DA:173,0
DA:174,0
DA:176,0
DA:177,0
DA:179,0
DA:180,0
DA:184,0
DA:186,0
DA:188,0
DA:190,0
DA:192,0
DA:194,0
DA:196,0
DA:199,0
DA:202,0
DA:203,0
DA:208,0
DA:210,0
DA:213,0
DA:217,0
DA:221,0
DA:222,0
DA:225,0
DA:230,0
DA:232,0
DA:234,0
DA:240,0
DA:242,0
DA:245,0
DA:251,0
DA:253,0
DA:256,0
DA:257,0
DA:259,0
DA:265,0
DA:267,0
DA:268,0
DA:270,0
DA:277,0
DA:279,0
DA:282,0
DA:288,0
DA:292,0
DA:296,0
DA:299,0
DA:300,0
DA:304,0
LF:106
LH:0
end_of_record
TN:
SF:lib/src/features/auth/domain/auth_token.dart
FNF:0
FNH:0
DA:2,1
DA:10,0
DA:11,0
DA:12,0
DA:13,0
DA:14,0
DA:15,0
DA:16,0
DA:26,0
DA:27,0
DA:28,0
DA:29,0
DA:30,0
DA:31,0
DA:32,0
LF:15
LH:1
end_of_record
TN:
SF:lib/src/features/auth/presentation/providers/auth_providers.dart
FNF:0
FNH:0
DA:14,0
DA:15,0
DA:16,0
DA:20,0
DA:21,0
DA:22,0
DA:26,0
DA:27,0
DA:28,0
DA:31,0
DA:35,0
DA:36,0
DA:40,0
DA:41,0
DA:45,0
DA:46,0
DA:50,0
DA:51,0
DA:52,0
DA:53,0
DA:54,0
DA:55,0
DA:56,0
DA:57,0
DA:58,0
DA:60,0
DA:75,1
DA:82,1
DA:88,1
DA:89,1
DA:90,1
DA:91,1
DA:92,2
DA:102,1
DA:119,1
DA:120,1
DA:132,1
DA:133,3
DA:134,2
DA:136,2
DA:137,3
DA:138,2
DA:143,3
DA:147,1
DA:149,3
DA:152,2
DA:153,3
DA:155,2
DA:156,3
DA:161,2
DA:163,1
DA:164,1
DA:165,1
DA:166,2
DA:171,4
DA:174,3
DA:175,2
DA:178,2
DA:179,2
DA:182,1
DA:183,4
DA:187,2
DA:189,1
DA:190,2
DA:191,1
DA:193,2
DA:198,2
DA:201,2
DA:204,1
DA:208,2
DA:210,1
DA:211,1
DA:213,2
DA:218,2
DA:219,1
DA:220,1
DA:222,1
DA:223,1
DA:224,1
DA:230,3
DA:239,3
DA:240,2
DA:245,2
DA:248,3
DA:251,2
DA:255,1
DA:256,1
DA:257,1
DA:258,2
DA:259,2
DA:265,3
DA:269,1
DA:271,3
DA:274,2
DA:275,3
DA:279,2
DA:282,2
DA:283,2
DA:286,2
DA:288,1
DA:289,2
DA:290,2
DA:291,2
DA:296,2
DA:299,2
DA:302,2
DA:305,1
DA:307,2
DA:310,2
DA:314,1
DA:315,2
DA:316,2
DA:321,3
LF:113
LH:87
end_of_record
TN:
SF:lib/src/features/auth/utils/auth_error_debugger.dart
FNF:0
FNH:0
DA:17,1
DA:35,1
DA:42,1
DA:48,1
DA:55,1
DA:63,2
DA:64,2
DA:65,3
DA:66,2
DA:70,2
DA:72,1
DA:87,1
DA:93,1
DA:99,1
DA:102,1
DA:107,1
DA:108,2
DA:109,2
DA:110,2
DA:114,2
DA:116,1
DA:128,1
DA:134,1
DA:138,1
DA:139,2
DA:140,2
DA:141,2
DA:145,2
DA:147,1
DA:159,1
DA:165,1
DA:169,1
DA:170,2
DA:171,2
DA:172,2
DA:176,2
DA:178,1
DA:187,1
DA:188,1
DA:191,1
DA:192,2
DA:193,1
DA:195,2
DA:196,1
DA:197,2
DA:199,2
DA:203,1
DA:209,2
DA:210,1
DA:212,2
DA:213,3
DA:215,3
DA:219,1
DA:222,1
DA:224,1
DA:227,1
DA:230,1
DA:232,1
DA:236,1
DA:237,1
DA:238,2
DA:239,2
DA:241,1
DA:245,2
DA:246,2
DA:248,1
DA:253,1
DA:255,1
DA:257,1
DA:259,1
DA:261,1
DA:263,1
DA:265,1
DA:267,1
DA:269,0
DA:276,0
DA:277,0
DA:278,0
DA:280,0
LF:79
LH:74
end_of_record
TN:
SF:lib/src/features/auth/utils/auth_error_handler.dart
FNF:0
FNH:0
DA:15,2
DA:37,2
DA:47,2
DA:48,2
DA:49,6
DA:50,2
DA:54,2
DA:55,2
DA:56,2
DA:58,2
DA:60,2
DA:61,4
DA:64,2
DA:66,2
DA:69,2
DA:71,4
DA:76,4
DA:81,4
DA:82,2
DA:90,8
DA:93,4
DA:96,2
DA:102,6
DA:106,2
DA:107,4
DA:108,4
DA:109,6
DA:110,4
DA:111,4
DA:118,2
DA:124,2
DA:128,2
DA:129,2
DA:130,8
DA:134,2
DA:135,2
DA:137,2
DA:138,2
DA:139,2
DA:140,2
DA:142,2
DA:144,3
DA:148,0
DA:152,2
DA:153,4
DA:155,2
DA:156,4
DA:157,4
DA:163,6
DA:164,4
DA:169,2
DA:170,2
DA:174,2
DA:175,2
DA:177,1
DA:179,1
DA:181,1
DA:189,2
DA:191,2
DA:192,2
DA:194,2
DA:196,2
DA:198,2
DA:200,2
DA:201,2
DA:203,2
DA:204,1
DA:205,1
DA:206,1
DA:209,1
DA:214,1
DA:216,1
DA:218,1
DA:219,1
DA:220,1
DA:221,2
DA:231,2
DA:232,2
DA:245,6
DA:246,2
DA:247,6
DA:248,0
DA:249,4
DA:250,0
LF:84
LH:81
end_of_record
TN:
SF:lib/src/features/auth/utils/validation_utils.dart
FNF:0
FNH:0
DA:13,1
DA:14,2
DA:18,1
DA:20,2
DA:24,2
DA:29,1
DA:30,1
DA:31,1
DA:45,1
DA:46,2
DA:50,1
DA:52,2
DA:56,2
DA:64,1
DA:65,1
DA:69,1
DA:70,1
DA:77,1
DA:78,1
DA:82,1
DA:83,1
DA:87,1
DA:88,1
DA:89,2
LF:24
LH:24
end_of_record
